<?xml version="1.0" encoding="UTF-8"?>
<!-- Generated by org.testng.reporters.JUnitXMLReporter -->
<testsuite hostname="Win7-PC" ignored="0" name="TestNGScripts" tests="3" failures="0" timestamp="14 Jun 2020 19:18:24 GMT" time="14.967" errors="0">
  <testcase name="homepage" time="2.521" classname="com.qa.testNGScripts.RediffTestNG"/>
  <testcase name="login" time="2.173" classname="com.qa.testNGScripts.RediffTestNG"/>
  <testcase name="text" time="0.022" classname="com.qa.testNGScripts.RediffTestNG"/>
</testsuite> <!-- TestNGScripts -->
