<?xml version="1.0" encoding="UTF-8"?>
<testng-results skipped="0" failed="0" ignored="0" total="3" passed="3">
  <reporter-output>
    <line>
      <![CDATA[ we used google chrome]]>
    </line>
  </reporter-output>
  <suite name="UAT TEST" duration-ms="11561" started-at="2020-06-15T00:12:58Z" finished-at="2020-06-15T00:13:09Z">
    <groups>
    </groups>
    <test name="TestNGScripts" duration-ms="11561" started-at="2020-06-15T00:12:58Z" finished-at="2020-06-15T00:13:09Z">
      <class name="com.qa.testNGScripts.RediffTestNG">
        <test-method status="PASS" signature="configuration()[pri:0, instance:com.qa.testNGScripts.RediffTestNG@64d7f7e0]" name="configuration" is-config="true" duration-ms="8581" started-at="2020-06-15T00:12:58Z" finished-at="2020-06-15T00:13:06Z">
          <reporter-output>
            <line>
              <![CDATA[ we used google chrome]]>
            </line>
          </reporter-output>
        </test-method> <!-- configuration -->
        <test-method status="PASS" signature="homepage()[pri:1, instance:com.qa.testNGScripts.RediffTestNG@64d7f7e0]" name="homepage" duration-ms="730" started-at="2020-06-15T00:13:06Z" finished-at="2020-06-15T00:13:07Z">
          <reporter-output>
          </reporter-output>
        </test-method> <!-- homepage -->
        <test-method status="PASS" signature="login()[pri:2, instance:com.qa.testNGScripts.RediffTestNG@64d7f7e0]" name="login" duration-ms="2158" started-at="2020-06-15T00:13:07Z" finished-at="2020-06-15T00:13:09Z">
          <reporter-output>
          </reporter-output>
        </test-method> <!-- login -->
        <test-method status="PASS" signature="text()[pri:3, instance:com.qa.testNGScripts.RediffTestNG@64d7f7e0]" name="text" duration-ms="10" started-at="2020-06-15T00:13:09Z" finished-at="2020-06-15T00:13:09Z">
          <reporter-output>
          </reporter-output>
        </test-method> <!-- text -->
        <test-method status="PASS" signature="close()[pri:0, instance:com.qa.testNGScripts.RediffTestNG@64d7f7e0]" name="close" is-config="true" duration-ms="68" started-at="2020-06-15T00:13:09Z" finished-at="2020-06-15T00:13:09Z">
          <reporter-output>
          </reporter-output>
        </test-method> <!-- close -->
      </class> <!-- com.qa.testNGScripts.RediffTestNG -->
    </test> <!-- TestNGScripts -->
  </suite> <!-- UAT TEST -->
</testng-results>
