<?xml version="1.0" encoding="UTF-8"?>
<testsuite xmlns:xsi="http://www.w3.org/2001/XMLSchema-instance" xsi:noNamespaceSchemaLocation="https://maven.apache.org/surefire/maven-surefire-plugin/xsd/surefire-test-report.xsd" name="TestSuite" time="12.53" tests="3" errors="0" skipped="0" failures="0">
  <properties>
[...]
</properties>
  <testcase name="homepage" classname="com.qa.testNGScripts.RediffTestNG" time="0.731"/>
  <testcase name="login" classname="com.qa.testNGScripts.RediffTestNG" time="2.157"/>
  <testcase name="text" classname="com.qa.testNGScripts.RediffTestNG" time="0.011"/>
</testsuite>