<?xml version="1.0" encoding="UTF-8"?>
<testng-results skipped="0" failed="0" ignored="0" total="5" passed="5">
  <reporter-output>
    <line>
      <![CDATA[ we used google chrome]]>
    </line>
  </reporter-output>
  <suite name="UAT TEST" duration-ms="14508" started-at="2020-06-14T22:56:48Z" finished-at="2020-06-14T22:57:03Z">
    <groups>
    </groups>
    <test name="TestNGxScripts2" duration-ms="14508" started-at="2020-06-14T22:56:48Z" finished-at="2020-06-14T22:57:03Z">
      <class name="com.qa.testNGScripts.RediffTestNG">
        <test-method status="PASS" signature="configuration()[pri:0, instance:com.qa.testNGScripts.RediffTestNG@61832929]" name="configuration" is-config="true" duration-ms="11408" started-at="2020-06-14T22:56:48Z" finished-at="2020-06-14T22:57:00Z">
          <reporter-output>
            <line>
              <![CDATA[ we used google chrome]]>
            </line>
          </reporter-output>
        </test-method> <!-- configuration -->
        <test-method status="PASS" signature="homepage()[pri:1, instance:com.qa.testNGScripts.RediffTestNG@61832929]" name="homepage" duration-ms="804" started-at="2020-06-14T22:57:00Z" finished-at="2020-06-14T22:57:01Z">
          <reporter-output>
          </reporter-output>
        </test-method> <!-- homepage -->
        <test-method status="PASS" signature="login()[pri:2, instance:com.qa.testNGScripts.RediffTestNG@61832929]" name="login" duration-ms="2196" started-at="2020-06-14T22:57:01Z" finished-at="2020-06-14T22:57:03Z">
          <reporter-output>
          </reporter-output>
        </test-method> <!-- login -->
        <test-method status="PASS" signature="text()[pri:3, instance:com.qa.testNGScripts.RediffTestNG@61832929]" name="text" duration-ms="12" started-at="2020-06-14T22:57:03Z" finished-at="2020-06-14T22:57:03Z">
          <reporter-output>
          </reporter-output>
        </test-method> <!-- text -->
        <test-method status="PASS" signature="close()[pri:0, instance:com.qa.testNGScripts.RediffTestNG@61832929]" name="close" is-config="true" duration-ms="69" started-at="2020-06-14T22:57:03Z" finished-at="2020-06-14T22:57:03Z">
          <reporter-output>
          </reporter-output>
        </test-method> <!-- close -->
      </class> <!-- com.qa.testNGScripts.RediffTestNG -->
      <class name="com.qa.testNGScripts.Annotation">
        <test-method status="PASS" signature="bsuit()[pri:0, instance:com.qa.testNGScripts.Annotation@5b275dab]" name="bsuit" is-config="true" duration-ms="0" started-at="2020-06-14T22:56:48Z" finished-at="2020-06-14T22:56:48Z">
          <reporter-output>
          </reporter-output>
        </test-method> <!-- bsuit -->
        <test-method status="PASS" signature="print()[pri:0, instance:com.qa.testNGScripts.Annotation@5b275dab]" name="print" is-config="true" duration-ms="0" started-at="2020-06-14T22:56:48Z" finished-at="2020-06-14T22:56:48Z">
          <reporter-output>
          </reporter-output>
        </test-method> <!-- print -->
        <test-method status="PASS" signature="point()[pri:0, instance:com.qa.testNGScripts.Annotation@5b275dab]" name="point" duration-ms="0" started-at="2020-06-14T22:56:48Z" finished-at="2020-06-14T22:56:48Z">
          <reporter-output>
          </reporter-output>
        </test-method> <!-- point -->
        <test-method status="PASS" signature="sogin()[pri:0, instance:com.qa.testNGScripts.Annotation@5b275dab]" name="sogin" is-config="true" duration-ms="0" started-at="2020-06-14T22:56:48Z" finished-at="2020-06-14T22:56:48Z">
          <reporter-output>
          </reporter-output>
        </test-method> <!-- sogin -->
        <test-method status="PASS" signature="blan()[pri:0, instance:com.qa.testNGScripts.Annotation@5b275dab]" name="blan" is-config="true" duration-ms="0" started-at="2020-06-14T22:56:48Z" finished-at="2020-06-14T22:56:48Z">
          <reporter-output>
          </reporter-output>
        </test-method> <!-- blan -->
        <test-method status="PASS" signature="loint()[pri:1, instance:com.qa.testNGScripts.Annotation@5b275dab]" name="loint" duration-ms="0" started-at="2020-06-14T22:56:48Z" finished-at="2020-06-14T22:56:48Z">
          <reporter-output>
          </reporter-output>
        </test-method> <!-- loint -->
        <test-method status="PASS" signature="blan()[pri:0, instance:com.qa.testNGScripts.Annotation@5b275dab]" name="blan" is-config="true" duration-ms="0" started-at="2020-06-14T22:56:48Z" finished-at="2020-06-14T22:56:48Z">
          <reporter-output>
          </reporter-output>
        </test-method> <!-- blan -->
      </class> <!-- com.qa.testNGScripts.Annotation -->
    </test> <!-- TestNGxScripts2 -->
  </suite> <!-- UAT TEST -->
</testng-results>
