<?xml version="1.0" encoding="UTF-8"?>
<!-- Generated by org.testng.reporters.JUnitXMLReporter -->
<testsuite hostname="Win7-PC" ignored="0" name="TestNGScripts" tests="3" failures="0" timestamp="15 Jun 2020 00:13:09 GMT" time="11.561" errors="0">
  <testcase name="homepage" time="0.73" classname="com.qa.testNGScripts.RediffTestNG"/>
  <testcase name="login" time="2.158" classname="com.qa.testNGScripts.RediffTestNG"/>
  <testcase name="text" time="0.01" classname="com.qa.testNGScripts.RediffTestNG"/>
</testsuite> <!-- TestNGScripts -->
